文字コード　ASCII
単位　mm
整数部 4，小数部 ３，小数点無し　先行ゼロサプレス
データ区切り　'*' (2Ah)


ファイル Patan-A.GRB

  レイヤー 1 : 部品面パターン

ファイル Patan-B.GRB

  レイヤー 2 : ハンダ面パターン

ファイル Silk-A.GRB

  レイヤー 3 : 部品面シルク

ファイル Regist-A.GRB

  レイヤー 5 : 部品面レジスト

ファイル Regist-B.GRB

  レイヤー 6 : ハンダ面レジスト

ファイル Board.GRB

  レイヤー 7 : 外形

ファイル hole.grb

  レイヤー 8 : 孔

使用Ｄコード : アパーチャ径／□

  丸アパーチャー　ライン用  D11 : 0.100 mm
  丸アパーチャー　ライン用  D12 : 0.150 mm
  丸アパーチャー　ライン用  D13 : 0.200 mm
  丸アパーチャー　ライン用  D14 : 0.250 mm
  丸アパーチャー　ライン用  D15 : 0.300 mm
  丸アパーチャー　ライン用  D16 : 0.350 mm
  丸アパーチャー　ライン用  D17 : 0.400 mm
  丸アパーチャー　ライン用  D18 : 0.500 mm
  丸アパーチャー　ライン用  D19 : 0.550 mm
  丸アパーチャー　ライン用  D20 : 0.600 mm
  丸アパーチャー　ライン用  D21 : 0.650 mm
  丸アパーチャー　ライン用  D22 : 0.700 mm
  丸アパーチャー　ライン用  D23 : 0.800 mm
  丸アパーチャー　ライン用  D24 : 0.900 mm
  丸アパーチャー　ライン用  D25 : 1.000 mm
  丸アパーチャー　ライン用  D26 : 1.100 mm
  丸アパーチャー　ライン用  D27 : 1.500 mm
  丸アパーチャー　ライン用  D28 : 1.600 mm
  丸アパーチャー　ライン用  D29 : 1.700 mm
  丸アパーチャー　ライン用  D30 : 2.200 mm
  丸アパーチャー　ライン用  D31 : 2.300 mm
  角アパーチャー　ライン用  D32 : 0.250 mm
  角アパーチャー　ライン用  D33 : 0.300 mm
  角アパーチャー　ライン用  D34 : 0.400 mm
  角アパーチャー　ライン用  D35 : 0.500 mm
  角アパーチャー　ライン用  D36 : 0.550 mm
  角アパーチャー　ライン用  D37 : 0.600 mm
  角アパーチャー　ライン用  D38 : 0.650 mm
  角アパーチャー　ライン用  D39 : 0.700 mm
  角アパーチャー　ライン用  D40 : 0.800 mm
  角アパーチャー　ライン用  D41 : 0.900 mm
  角アパーチャー　ライン用  D42 : 1.000 mm
  角アパーチャー　ライン用  D43 : 1.200 mm
  角アパーチャー　ライン用  D44 : 1.500 mm
  角アパーチャー　ライン用  D45 : 1.600 mm
  角アパーチャー　ライン用  D46 : 1.800 mm
  角アパーチャー　ライン用  D47 : 2.000 mm
  角アパーチャー　ライン用  D48 : 6.500 mm
